  [1m[36m (0.1ms)[0m  [1mselect sqlite_version(*)[0m
  [1m[35m (158.3ms)[0m  CREATE TABLE "schema_migrations" ("version" varchar(255) NOT NULL) 
  [1m[36m (0.1ms)[0m  [1mPRAGMA index_list("schema_migrations")[0m
  [1m[35m (99.0ms)[0m  CREATE UNIQUE INDEX "unique_schema_migrations" ON "schema_migrations" ("version")
  [1m[36m (0.1ms)[0m  [1mSELECT "schema_migrations"."version" FROM "schema_migrations" [0m
Migrating to CreateDepartments (20120417130616)
  [1m[35m (0.1ms)[0m  begin transaction
  [1m[36m (0.6ms)[0m  [1mCREATE TABLE "departments" ("id" INTEGER PRIMARY KEY AUTOINCREMENT NOT NULL, "name" varchar(255), "user_id" integer, "created_at" datetime NOT NULL, "updated_at" datetime NOT NULL) [0m
  [1m[35m (0.1ms)[0m  INSERT INTO "schema_migrations" ("version") VALUES ('20120417130616')
  [1m[36m (118.8ms)[0m  [1mcommit transaction[0m
Migrating to CreatePlants (20120417131017)
  [1m[35m (0.1ms)[0m  begin transaction
  [1m[36m (0.5ms)[0m  [1mCREATE TABLE "plants" ("id" INTEGER PRIMARY KEY AUTOINCREMENT NOT NULL, "name" varchar(255), "serial" varchar(255), "address" varchar(255), "created_at" datetime NOT NULL, "updated_at" datetime NOT NULL) [0m
  [1m[35m (0.2ms)[0m  INSERT INTO "schema_migrations" ("version") VALUES ('20120417131017')
  [1m[36m (95.6ms)[0m  [1mcommit transaction[0m
Migrating to CreateFacilities (20120417131352)
  [1m[35m (0.1ms)[0m  begin transaction
  [1m[36m (0.5ms)[0m  [1mCREATE TABLE "facilities" ("id" INTEGER PRIMARY KEY AUTOINCREMENT NOT NULL, "name" varchar(255), "serial" varchar(255), "plant_id" integer, "created_at" datetime NOT NULL, "updated_at" datetime NOT NULL) [0m
  [1m[35m (0.2ms)[0m  INSERT INTO "schema_migrations" ("version") VALUES ('20120417131352')
  [1m[36m (79.4ms)[0m  [1mcommit transaction[0m
Migrating to CreateStages (20120417131659)
  [1m[35m (0.1ms)[0m  begin transaction
  [1m[36m (0.4ms)[0m  [1mCREATE TABLE "stages" ("id" INTEGER PRIMARY KEY AUTOINCREMENT NOT NULL, "name" varchar(255), "created_at" datetime NOT NULL, "updated_at" datetime NOT NULL) [0m
  [1m[35m (0.1ms)[0m  INSERT INTO "schema_migrations" ("version") VALUES ('20120417131659')
  [1m[36m (89.5ms)[0m  [1mcommit transaction[0m
Migrating to CreateExpirations (20120417131919)
  [1m[35m (0.1ms)[0m  begin transaction
  [1m[36m (0.5ms)[0m  [1mCREATE TABLE "expirations" ("id" INTEGER PRIMARY KEY AUTOINCREMENT NOT NULL, "date" date, "created_at" datetime NOT NULL, "updated_at" datetime NOT NULL) [0m
  [1m[35m (0.2ms)[0m  INSERT INTO "schema_migrations" ("version") VALUES ('20120417131919')
  [1m[36m (87.8ms)[0m  [1mcommit transaction[0m
Migrating to CreateTasks (20120417134023)
  [1m[35m (0.1ms)[0m  begin transaction
  [1m[36m (0.7ms)[0m  [1mCREATE TABLE "tasks" ("id" INTEGER PRIMARY KEY AUTOINCREMENT NOT NULL, "number" varchar(255), "description" text, "comments" text, "issued_department_id" integer, "received_department_id" integer, "facility_id" integer, "detailed_schedule_number" varchar(255), "code" varchar(255), "stamp_name" varchar(255), "stage_id" integer, "step_number" varchar(255), "contract_number" varchar(255), "issued_chief_id" integer, "received_chief_id" integer, "issued_group_head_id" integer, "received_group_head_id" integer, "received_staff_id" integer, "chief_project_engineer_id" integer, "issue_date" date, "expiration_id" integer, "created_at" datetime NOT NULL, "updated_at" datetime NOT NULL) [0m
  [1m[35m (0.2ms)[0m  INSERT INTO "schema_migrations" ("version") VALUES ('20120417134023')
  [1m[36m (86.4ms)[0m  [1mcommit transaction[0m
  [1m[35m (0.6ms)[0m  select sqlite_version(*)
  [1m[36m (0.1ms)[0m  [1mSELECT "schema_migrations"."version" FROM "schema_migrations" [0m
  [1m[35m (0.0ms)[0m  PRAGMA index_list("departments")
  [1m[36m (0.0ms)[0m  [1mPRAGMA index_list("expirations")[0m
  [1m[35m (0.0ms)[0m  PRAGMA index_list("facilities")
  [1m[36m (0.0ms)[0m  [1mPRAGMA index_list("plants")[0m
  [1m[35m (0.0ms)[0m  PRAGMA index_list("stages")
  [1m[36m (0.0ms)[0m  [1mPRAGMA index_list("tasks")[0m
  [1m[36m (0.1ms)[0m  [1mSELECT "schema_migrations"."version" FROM "schema_migrations" [0m
Migrating to CreateDepartments (20120417130616)
Migrating to CreatePlants (20120417131017)
Migrating to CreateFacilities (20120417131352)
Migrating to CreateStages (20120417131659)
Migrating to CreateExpirations (20120417131919)
Migrating to CreateTasks (20120417134023)
Migrating to DeviseCreateUsers (20120417140557)
  [1m[35m (0.1ms)[0m  select sqlite_version(*)
  [1m[36m (0.0ms)[0m  [1mbegin transaction[0m
  [1m[35m (0.7ms)[0m  CREATE TABLE "users" ("id" INTEGER PRIMARY KEY AUTOINCREMENT NOT NULL, "email" varchar(255) DEFAULT '' NOT NULL, "encrypted_password" varchar(255) DEFAULT '' NOT NULL, "login" varchar(255) DEFAULT '' NOT NULL, "reset_password_token" varchar(255), "reset_password_sent_at" datetime, "remember_created_at" datetime, "sign_in_count" integer DEFAULT 0, "current_sign_in_at" datetime, "last_sign_in_at" datetime, "current_sign_in_ip" varchar(255), "last_sign_in_ip" varchar(255), "last_name" varchar(255), "first_name" varchar(255), "middle_name" varchar(255), "department_id" integer, "position" varchar(255), "created_at" datetime NOT NULL, "updated_at" datetime NOT NULL) 
  [1m[36m (0.0ms)[0m  [1mPRAGMA index_list("users")[0m
  [1m[35m (0.3ms)[0m  CREATE UNIQUE INDEX "index_users_on_email" ON "users" ("email")
  [1m[36m (0.0ms)[0m  [1mPRAGMA index_list("users")[0m
  [1m[35m (0.0ms)[0m  PRAGMA index_info('index_users_on_email')
  [1m[36m (0.2ms)[0m  [1mCREATE UNIQUE INDEX "index_users_on_reset_password_token" ON "users" ("reset_password_token")[0m
  [1m[35m (0.1ms)[0m  INSERT INTO "schema_migrations" ("version") VALUES ('20120417140557')
  [1m[36m (192.6ms)[0m  [1mcommit transaction[0m
  [1m[35m (0.8ms)[0m  select sqlite_version(*)
  [1m[36m (0.1ms)[0m  [1mSELECT "schema_migrations"."version" FROM "schema_migrations" [0m
  [1m[35m (0.0ms)[0m  PRAGMA index_list("departments")
  [1m[36m (0.0ms)[0m  [1mPRAGMA index_list("expirations")[0m
  [1m[35m (0.0ms)[0m  PRAGMA index_list("facilities")
  [1m[36m (0.0ms)[0m  [1mPRAGMA index_list("plants")[0m
  [1m[35m (0.0ms)[0m  PRAGMA index_list("stages")
  [1m[36m (0.0ms)[0m  [1mPRAGMA index_list("tasks")[0m
  [1m[35m (0.1ms)[0m  PRAGMA index_list("users")
  [1m[36m (0.1ms)[0m  [1mPRAGMA index_info('index_users_on_reset_password_token')[0m
  [1m[35m (0.1ms)[0m  PRAGMA index_info('index_users_on_email')
  [1m[36m (0.1ms)[0m  [1mSELECT "schema_migrations"."version" FROM "schema_migrations" [0m
Migrating to CreateDepartments (20120417130616)
Migrating to CreatePlants (20120417131017)
Migrating to CreateFacilities (20120417131352)
Migrating to CreateStages (20120417131659)
Migrating to CreateExpirations (20120417131919)
Migrating to CreateTasks (20120417134023)
Migrating to DeviseCreateUsers (20120417140557)
Migrating to CreateTableTasksUsers (20120417142919)
  [1m[35m (0.1ms)[0m  select sqlite_version(*)
  [1m[36m (0.0ms)[0m  [1mbegin transaction[0m
  [1m[35m (0.6ms)[0m  CREATE TABLE "tasks_users" ("task_id" integer NOT NULL, "user_id" integer NOT NULL) 
  [1m[36m (0.0ms)[0m  [1mPRAGMA index_list("tasks_users")[0m
  [1m[35m (0.3ms)[0m  CREATE UNIQUE INDEX "index_tasks_users_on_task_id_and_user_id" ON "tasks_users" ("task_id", "user_id")
  [1m[36m (0.1ms)[0m  [1mINSERT INTO "schema_migrations" ("version") VALUES ('20120417142919')[0m
  [1m[35m (118.5ms)[0m  commit transaction
  [1m[36m (0.6ms)[0m  [1mselect sqlite_version(*)[0m
  [1m[35m (0.1ms)[0m  SELECT "schema_migrations"."version" FROM "schema_migrations" 
  [1m[36m (0.0ms)[0m  [1mPRAGMA index_list("departments")[0m
  [1m[35m (0.0ms)[0m  PRAGMA index_list("expirations")
  [1m[36m (0.0ms)[0m  [1mPRAGMA index_list("facilities")[0m
  [1m[35m (0.0ms)[0m  PRAGMA index_list("plants")
  [1m[36m (0.0ms)[0m  [1mPRAGMA index_list("stages")[0m
  [1m[35m (0.0ms)[0m  PRAGMA index_list("tasks")
  [1m[36m (0.0ms)[0m  [1mPRAGMA index_list("tasks_users")[0m
  [1m[35m (0.1ms)[0m  PRAGMA index_info('index_tasks_users_on_task_id_and_user_id')
  [1m[36m (0.0ms)[0m  [1mPRAGMA index_list("users")[0m
  [1m[35m (0.1ms)[0m  PRAGMA index_info('index_users_on_reset_password_token')
  [1m[36m (0.0ms)[0m  [1mPRAGMA index_info('index_users_on_email')[0m
  [1m[36m (0.1ms)[0m  [1mSELECT "schema_migrations"."version" FROM "schema_migrations" [0m
Migrating to CreateDepartments (20120417130616)
Migrating to CreatePlants (20120417131017)
Migrating to CreateFacilities (20120417131352)
Migrating to CreateStages (20120417131659)
Migrating to CreateExpirations (20120417131919)
Migrating to CreateTasks (20120417134023)
Migrating to DeviseCreateUsers (20120417140557)
Migrating to CreateTableTasksUsers (20120417142919)
Migrating to CreateRoles (20120417143309)
  [1m[35m (0.1ms)[0m  select sqlite_version(*)
  [1m[36m (0.0ms)[0m  [1mbegin transaction[0m
  [1m[35m (0.5ms)[0m  CREATE TABLE "roles" ("id" INTEGER PRIMARY KEY AUTOINCREMENT NOT NULL, "name" varchar(255), "created_at" datetime NOT NULL, "updated_at" datetime NOT NULL) 
  [1m[36m (0.1ms)[0m  [1mINSERT INTO "schema_migrations" ("version") VALUES ('20120417143309')[0m
  [1m[35m (136.3ms)[0m  commit transaction
  [1m[36m (0.6ms)[0m  [1mselect sqlite_version(*)[0m
  [1m[35m (0.1ms)[0m  SELECT "schema_migrations"."version" FROM "schema_migrations" 
  [1m[36m (0.0ms)[0m  [1mPRAGMA index_list("departments")[0m
  [1m[35m (0.0ms)[0m  PRAGMA index_list("expirations")
  [1m[36m (0.0ms)[0m  [1mPRAGMA index_list("facilities")[0m
  [1m[35m (0.0ms)[0m  PRAGMA index_list("plants")
  [1m[36m (0.0ms)[0m  [1mPRAGMA index_list("roles")[0m
  [1m[35m (0.0ms)[0m  PRAGMA index_list("stages")
  [1m[36m (0.0ms)[0m  [1mPRAGMA index_list("tasks")[0m
  [1m[35m (0.0ms)[0m  PRAGMA index_list("tasks_users")
  [1m[36m (0.1ms)[0m  [1mPRAGMA index_info('index_tasks_users_on_task_id_and_user_id')[0m
  [1m[35m (0.0ms)[0m  PRAGMA index_list("users")
  [1m[36m (0.1ms)[0m  [1mPRAGMA index_info('index_users_on_reset_password_token')[0m
  [1m[35m (0.0ms)[0m  PRAGMA index_info('index_users_on_email')
  [1m[36m (0.1ms)[0m  [1mSELECT "schema_migrations"."version" FROM "schema_migrations" [0m
Migrating to CreateDepartments (20120417130616)
Migrating to CreatePlants (20120417131017)
Migrating to CreateFacilities (20120417131352)
Migrating to CreateStages (20120417131659)
Migrating to CreateExpirations (20120417131919)
Migrating to CreateTasks (20120417134023)
Migrating to DeviseCreateUsers (20120417140557)
Migrating to CreateTableTasksUsers (20120417142919)
Migrating to CreateRoles (20120417143309)
Migrating to CreateTableRolesUsers (20120417143410)
  [1m[35m (0.1ms)[0m  select sqlite_version(*)
  [1m[36m (0.0ms)[0m  [1mbegin transaction[0m
  [1m[35m (0.4ms)[0m  CREATE TABLE "roles_users" ("role_id" integer NOT NULL, "user_id" integer NOT NULL) 
  [1m[36m (0.0ms)[0m  [1mPRAGMA index_list("roles_users")[0m
  [1m[35m (0.3ms)[0m  CREATE UNIQUE INDEX "index_roles_users_on_role_id_and_user_id" ON "roles_users" ("role_id", "user_id")
  [1m[36m (0.1ms)[0m  [1mINSERT INTO "schema_migrations" ("version") VALUES ('20120417143410')[0m
  [1m[35m (150.1ms)[0m  commit transaction
  [1m[36m (0.7ms)[0m  [1mselect sqlite_version(*)[0m
  [1m[35m (0.1ms)[0m  SELECT "schema_migrations"."version" FROM "schema_migrations" 
  [1m[36m (0.0ms)[0m  [1mPRAGMA index_list("departments")[0m
  [1m[35m (0.0ms)[0m  PRAGMA index_list("expirations")
  [1m[36m (0.0ms)[0m  [1mPRAGMA index_list("facilities")[0m
  [1m[35m (0.0ms)[0m  PRAGMA index_list("plants")
  [1m[36m (0.0ms)[0m  [1mPRAGMA index_list("roles")[0m
  [1m[35m (0.0ms)[0m  PRAGMA index_list("roles_users")
  [1m[36m (0.1ms)[0m  [1mPRAGMA index_info('index_roles_users_on_role_id_and_user_id')[0m
  [1m[35m (0.0ms)[0m  PRAGMA index_list("stages")
  [1m[36m (0.0ms)[0m  [1mPRAGMA index_list("tasks")[0m
  [1m[35m (0.0ms)[0m  PRAGMA index_list("tasks_users")
  [1m[36m (0.1ms)[0m  [1mPRAGMA index_info('index_tasks_users_on_task_id_and_user_id')[0m
  [1m[35m (0.1ms)[0m  PRAGMA index_list("users")
  [1m[36m (0.1ms)[0m  [1mPRAGMA index_info('index_users_on_reset_password_token')[0m
  [1m[35m (0.0ms)[0m  PRAGMA index_info('index_users_on_email')
  [1m[36m (0.1ms)[0m  [1mSELECT "schema_migrations"."version" FROM "schema_migrations" [0m
  [1m[35m (0.2ms)[0m  select sqlite_version(*)
  [1m[36m (175.6ms)[0m  [1mCREATE TABLE "departments" ("id" INTEGER PRIMARY KEY AUTOINCREMENT NOT NULL, "name" varchar(255), "user_id" integer, "created_at" datetime NOT NULL, "updated_at" datetime NOT NULL) [0m
  [1m[35m (114.8ms)[0m  CREATE TABLE "expirations" ("id" INTEGER PRIMARY KEY AUTOINCREMENT NOT NULL, "date" date, "created_at" datetime NOT NULL, "updated_at" datetime NOT NULL) 
  [1m[36m (122.9ms)[0m  [1mCREATE TABLE "facilities" ("id" INTEGER PRIMARY KEY AUTOINCREMENT NOT NULL, "name" varchar(255), "serial" varchar(255), "plant_id" integer, "created_at" datetime NOT NULL, "updated_at" datetime NOT NULL) [0m
  [1m[35m (124.3ms)[0m  CREATE TABLE "plants" ("id" INTEGER PRIMARY KEY AUTOINCREMENT NOT NULL, "name" varchar(255), "serial" varchar(255), "address" varchar(255), "created_at" datetime NOT NULL, "updated_at" datetime NOT NULL) 
  [1m[36m (114.8ms)[0m  [1mCREATE TABLE "roles" ("id" INTEGER PRIMARY KEY AUTOINCREMENT NOT NULL, "name" varchar(255), "created_at" datetime NOT NULL, "updated_at" datetime NOT NULL) [0m
  [1m[35m (123.3ms)[0m  CREATE TABLE "roles_users" ("role_id" integer NOT NULL, "user_id" integer NOT NULL) 
  [1m[36m (0.1ms)[0m  [1mPRAGMA index_list("roles_users")[0m
  [1m[35m (106.9ms)[0m  CREATE UNIQUE INDEX "index_roles_users_on_role_id_and_user_id" ON "roles_users" ("role_id", "user_id")
  [1m[36m (106.5ms)[0m  [1mCREATE TABLE "stages" ("id" INTEGER PRIMARY KEY AUTOINCREMENT NOT NULL, "name" varchar(255), "created_at" datetime NOT NULL, "updated_at" datetime NOT NULL) [0m
  [1m[35m (105.5ms)[0m  CREATE TABLE "tasks" ("id" INTEGER PRIMARY KEY AUTOINCREMENT NOT NULL, "number" varchar(255), "description" text, "comments" text, "issued_department_id" integer, "received_department_id" integer, "facility_id" integer, "detailed_schedule_number" varchar(255), "code" varchar(255), "stamp_name" varchar(255), "stage_id" integer, "step_number" varchar(255), "contract_number" varchar(255), "issued_chief_id" integer, "received_chief_id" integer, "issued_group_head_id" integer, "received_group_head_id" integer, "received_staff_id" integer, "chief_project_engineer_id" integer, "issue_date" date, "expiration_id" integer, "created_at" datetime NOT NULL, "updated_at" datetime NOT NULL) 
  [1m[36m (115.1ms)[0m  [1mCREATE TABLE "tasks_users" ("task_id" integer NOT NULL, "user_id" integer NOT NULL) [0m
  [1m[35m (0.1ms)[0m  PRAGMA index_list("tasks_users")
  [1m[36m (115.2ms)[0m  [1mCREATE UNIQUE INDEX "index_tasks_users_on_task_id_and_user_id" ON "tasks_users" ("task_id", "user_id")[0m
  [1m[35m (118.2ms)[0m  CREATE TABLE "users" ("id" INTEGER PRIMARY KEY AUTOINCREMENT NOT NULL, "email" varchar(255) DEFAULT '' NOT NULL, "encrypted_password" varchar(255) DEFAULT '' NOT NULL, "login" varchar(255) DEFAULT '' NOT NULL, "reset_password_token" varchar(255), "reset_password_sent_at" datetime, "remember_created_at" datetime, "sign_in_count" integer DEFAULT 0, "current_sign_in_at" datetime, "last_sign_in_at" datetime, "current_sign_in_ip" varchar(255), "last_sign_in_ip" varchar(255), "last_name" varchar(255), "first_name" varchar(255), "middle_name" varchar(255), "department_id" integer, "position" varchar(255), "created_at" datetime NOT NULL, "updated_at" datetime NOT NULL) 
  [1m[36m (0.1ms)[0m  [1mPRAGMA index_list("users")[0m
  [1m[35m (123.3ms)[0m  CREATE UNIQUE INDEX "index_users_on_email" ON "users" ("email")
  [1m[36m (0.1ms)[0m  [1mPRAGMA index_list("users")[0m
  [1m[35m (0.1ms)[0m  PRAGMA index_info('index_users_on_email')
  [1m[36m (123.3ms)[0m  [1mCREATE UNIQUE INDEX "index_users_on_reset_password_token" ON "users" ("reset_password_token")[0m
  [1m[35m (124.9ms)[0m  CREATE TABLE "schema_migrations" ("version" varchar(255) NOT NULL) 
  [1m[36m (0.1ms)[0m  [1mPRAGMA index_list("schema_migrations")[0m
  [1m[35m (115.4ms)[0m  CREATE UNIQUE INDEX "unique_schema_migrations" ON "schema_migrations" ("version")
  [1m[36m (0.1ms)[0m  [1mSELECT version FROM "schema_migrations"[0m
  [1m[35m (98.4ms)[0m  INSERT INTO "schema_migrations" (version) VALUES ('20120417143410')
  [1m[36m (107.5ms)[0m  [1mINSERT INTO "schema_migrations" (version) VALUES ('20120417140557')[0m
  [1m[35m (82.8ms)[0m  INSERT INTO "schema_migrations" (version) VALUES ('20120417131017')
  [1m[36m (107.6ms)[0m  [1mINSERT INTO "schema_migrations" (version) VALUES ('20120417131352')[0m
  [1m[35m (107.5ms)[0m  INSERT INTO "schema_migrations" (version) VALUES ('20120417142919')
  [1m[36m (115.7ms)[0m  [1mINSERT INTO "schema_migrations" (version) VALUES ('20120417130616')[0m
  [1m[35m (115.8ms)[0m  INSERT INTO "schema_migrations" (version) VALUES ('20120417131919')
  [1m[36m (115.7ms)[0m  [1mINSERT INTO "schema_migrations" (version) VALUES ('20120417131659')[0m
  [1m[35m (115.7ms)[0m  INSERT INTO "schema_migrations" (version) VALUES ('20120417143309')
  [1m[36m (125.9ms)[0m  [1mINSERT INTO "schema_migrations" (version) VALUES ('20120417134023')[0m
  [1m[36m (0.1ms)[0m  [1mSELECT "schema_migrations"."version" FROM "schema_migrations" [0m
  [1m[35m (0.2ms)[0m  select sqlite_version(*)
  [1m[36m (145.6ms)[0m  [1mCREATE TABLE "departments" ("id" INTEGER PRIMARY KEY AUTOINCREMENT NOT NULL, "name" varchar(255), "user_id" integer, "created_at" datetime NOT NULL, "updated_at" datetime NOT NULL) [0m
  [1m[35m (81.7ms)[0m  CREATE TABLE "expirations" ("id" INTEGER PRIMARY KEY AUTOINCREMENT NOT NULL, "date" date, "created_at" datetime NOT NULL, "updated_at" datetime NOT NULL) 
  [1m[36m (106.5ms)[0m  [1mCREATE TABLE "facilities" ("id" INTEGER PRIMARY KEY AUTOINCREMENT NOT NULL, "name" varchar(255), "serial" varchar(255), "plant_id" integer, "created_at" datetime NOT NULL, "updated_at" datetime NOT NULL) [0m
  [1m[35m (106.3ms)[0m  CREATE TABLE "plants" ("id" INTEGER PRIMARY KEY AUTOINCREMENT NOT NULL, "name" varchar(255), "serial" varchar(255), "address" varchar(255), "created_at" datetime NOT NULL, "updated_at" datetime NOT NULL) 
  [1m[36m (337.5ms)[0m  [1mCREATE TABLE "roles" ("id" INTEGER PRIMARY KEY AUTOINCREMENT NOT NULL, "name" varchar(255), "created_at" datetime NOT NULL, "updated_at" datetime NOT NULL) [0m
  [1m[35m (114.8ms)[0m  CREATE TABLE "roles_users" ("role_id" integer NOT NULL, "user_id" integer NOT NULL) 
  [1m[36m (0.1ms)[0m  [1mPRAGMA index_list("roles_users")[0m
  [1m[35m (115.2ms)[0m  CREATE UNIQUE INDEX "index_roles_users_on_role_id_and_user_id" ON "roles_users" ("role_id", "user_id")
  [1m[36m (114.8ms)[0m  [1mCREATE TABLE "stages" ("id" INTEGER PRIMARY KEY AUTOINCREMENT NOT NULL, "name" varchar(255), "created_at" datetime NOT NULL, "updated_at" datetime NOT NULL) [0m
  [1m[35m (105.5ms)[0m  CREATE TABLE "tasks" ("id" INTEGER PRIMARY KEY AUTOINCREMENT NOT NULL, "number" varchar(255), "description" text, "comments" text, "issued_department_id" integer, "received_department_id" integer, "facility_id" integer, "detailed_schedule_number" varchar(255), "code" varchar(255), "stamp_name" varchar(255), "stage_id" integer, "step_number" varchar(255), "contract_number" varchar(255), "issued_chief_id" integer, "received_chief_id" integer, "issued_group_head_id" integer, "received_group_head_id" integer, "received_staff_id" integer, "chief_project_engineer_id" integer, "issue_date" date, "expiration_id" integer, "created_at" datetime NOT NULL, "updated_at" datetime NOT NULL) 
  [1m[36m (115.1ms)[0m  [1mCREATE TABLE "tasks_users" ("task_id" integer NOT NULL, "user_id" integer NOT NULL) [0m
  [1m[35m (0.1ms)[0m  PRAGMA index_list("tasks_users")
  [1m[36m (100.2ms)[0m  [1mCREATE UNIQUE INDEX "index_tasks_users_on_task_id_and_user_id" ON "tasks_users" ("task_id", "user_id")[0m
  [1m[35m (93.6ms)[0m  CREATE TABLE "users" ("id" INTEGER PRIMARY KEY AUTOINCREMENT NOT NULL, "email" varchar(255) DEFAULT '' NOT NULL, "encrypted_password" varchar(255) DEFAULT '' NOT NULL, "login" varchar(255) DEFAULT '' NOT NULL, "reset_password_token" varchar(255), "reset_password_sent_at" datetime, "remember_created_at" datetime, "sign_in_count" integer DEFAULT 0, "current_sign_in_at" datetime, "last_sign_in_at" datetime, "current_sign_in_ip" varchar(255), "last_sign_in_ip" varchar(255), "last_name" varchar(255), "first_name" varchar(255), "middle_name" varchar(255), "department_id" integer, "position" varchar(255), "created_at" datetime NOT NULL, "updated_at" datetime NOT NULL) 
  [1m[36m (0.1ms)[0m  [1mPRAGMA index_list("users")[0m
  [1m[35m (106.7ms)[0m  CREATE UNIQUE INDEX "index_users_on_email" ON "users" ("email")
  [1m[36m (0.1ms)[0m  [1mPRAGMA index_list("users")[0m
  [1m[35m (0.1ms)[0m  PRAGMA index_info('index_users_on_email')
  [1m[36m (115.1ms)[0m  [1mCREATE UNIQUE INDEX "index_users_on_reset_password_token" ON "users" ("reset_password_token")[0m
  [1m[35m (107.1ms)[0m  CREATE TABLE "schema_migrations" ("version" varchar(255) NOT NULL) 
  [1m[36m (0.1ms)[0m  [1mPRAGMA index_list("schema_migrations")[0m
  [1m[35m (115.5ms)[0m  CREATE UNIQUE INDEX "unique_schema_migrations" ON "schema_migrations" ("version")
  [1m[36m (0.1ms)[0m  [1mSELECT version FROM "schema_migrations"[0m
  [1m[35m (114.8ms)[0m  INSERT INTO "schema_migrations" (version) VALUES ('20120417143410')
  [1m[36m (115.8ms)[0m  [1mINSERT INTO "schema_migrations" (version) VALUES ('20120417140557')[0m
  [1m[35m (115.8ms)[0m  INSERT INTO "schema_migrations" (version) VALUES ('20120417131017')
  [1m[36m (115.7ms)[0m  [1mINSERT INTO "schema_migrations" (version) VALUES ('20120417131352')[0m
  [1m[35m (107.5ms)[0m  INSERT INTO "schema_migrations" (version) VALUES ('20120417142919')
  [1m[36m (109.0ms)[0m  [1mINSERT INTO "schema_migrations" (version) VALUES ('20120417130616')[0m
  [1m[35m (107.4ms)[0m  INSERT INTO "schema_migrations" (version) VALUES ('20120417131919')
  [1m[36m (99.3ms)[0m  [1mINSERT INTO "schema_migrations" (version) VALUES ('20120417131659')[0m
  [1m[35m (115.7ms)[0m  INSERT INTO "schema_migrations" (version) VALUES ('20120417143309')
  [1m[36m (115.8ms)[0m  [1mINSERT INTO "schema_migrations" (version) VALUES ('20120417134023')[0m
  [1m[36m (0.2ms)[0m  [1mSELECT "schema_migrations"."version" FROM "schema_migrations" [0m
Migrating to CreateDepartments (20120417130616)
Migrating to CreatePlants (20120417131017)
Migrating to CreateFacilities (20120417131352)
Migrating to CreateStages (20120417131659)
Migrating to CreateExpirations (20120417131919)
Migrating to CreateTasks (20120417134023)
Migrating to DeviseCreateUsers (20120417140557)
Migrating to CreateTableTasksUsers (20120417142919)
Migrating to CreateRoles (20120417143309)
Migrating to CreateTableRolesUsers (20120417143410)
Migrating to AddTaskIdToExpiration (20120424133228)
  [1m[35m (0.1ms)[0m  select sqlite_version(*)
  [1m[36m (0.1ms)[0m  [1mbegin transaction[0m
  [1m[35m (0.7ms)[0m  ALTER TABLE "expirations" ADD "task_id" integer
  [1m[36m (0.2ms)[0m  [1mINSERT INTO "schema_migrations" ("version") VALUES ('20120424133228')[0m
  [1m[35m (109.7ms)[0m  commit transaction
Migrating to RemoveExpirationIdFromTask (20120424133549)
  [1m[36m (0.1ms)[0m  [1mbegin transaction[0m
  [1m[35m (0.7ms)[0m  CREATE TEMPORARY TABLE "altered_tasks" ("id" INTEGER PRIMARY KEY AUTOINCREMENT NOT NULL, "number" varchar(255), "description" text, "comments" text, "issued_department_id" integer, "received_department_id" integer, "facility_id" integer, "detailed_schedule_number" varchar(255), "code" varchar(255), "stamp_name" varchar(255), "stage_id" integer, "step_number" varchar(255), "contract_number" varchar(255), "issued_chief_id" integer, "received_chief_id" integer, "issued_group_head_id" integer, "received_group_head_id" integer, "received_staff_id" integer, "chief_project_engineer_id" integer, "issue_date" date, "expiration_id" integer, "created_at" datetime NOT NULL, "updated_at" datetime NOT NULL) 
  [1m[36m (0.1ms)[0m  [1mPRAGMA index_list("tasks")[0m
  [1m[35m (0.2ms)[0m  SELECT * FROM "tasks"
  [1m[36m (0.4ms)[0m  [1mDROP TABLE "tasks"[0m
  [1m[35m (0.4ms)[0m  CREATE TABLE "tasks" ("id" INTEGER PRIMARY KEY AUTOINCREMENT NOT NULL, "number" varchar(255), "description" text, "comments" text, "issued_department_id" integer, "received_department_id" integer, "facility_id" integer, "detailed_schedule_number" varchar(255), "code" varchar(255), "stamp_name" varchar(255), "stage_id" integer, "step_number" varchar(255), "contract_number" varchar(255), "issued_chief_id" integer, "received_chief_id" integer, "issued_group_head_id" integer, "received_group_head_id" integer, "received_staff_id" integer, "chief_project_engineer_id" integer, "issue_date" date, "created_at" datetime NOT NULL, "updated_at" datetime NOT NULL) 
  [1m[36m (0.0ms)[0m  [1mPRAGMA index_list("altered_tasks")[0m
  [1m[35m (0.1ms)[0m  SELECT * FROM "altered_tasks"
  [1m[36m (0.2ms)[0m  [1mDROP TABLE "altered_tasks"[0m
  [1m[35m (0.1ms)[0m  INSERT INTO "schema_migrations" ("version") VALUES ('20120424133549')
  [1m[36m (118.8ms)[0m  [1mcommit transaction[0m
  [1m[35m (0.7ms)[0m  select sqlite_version(*)
  [1m[36m (0.1ms)[0m  [1mSELECT "schema_migrations"."version" FROM "schema_migrations" [0m
  [1m[35m (0.0ms)[0m  PRAGMA index_list("departments")
  [1m[36m (0.0ms)[0m  [1mPRAGMA index_list("expirations")[0m
  [1m[35m (0.0ms)[0m  PRAGMA index_list("facilities")
  [1m[36m (0.0ms)[0m  [1mPRAGMA index_list("plants")[0m
  [1m[35m (0.0ms)[0m  PRAGMA index_list("roles")
  [1m[36m (0.0ms)[0m  [1mPRAGMA index_list("roles_users")[0m
  [1m[35m (0.1ms)[0m  PRAGMA index_info('index_roles_users_on_role_id_and_user_id')
  [1m[36m (0.0ms)[0m  [1mPRAGMA index_list("stages")[0m
  [1m[35m (0.0ms)[0m  PRAGMA index_list("tasks")
  [1m[36m (0.0ms)[0m  [1mPRAGMA index_list("tasks_users")[0m
  [1m[35m (0.1ms)[0m  PRAGMA index_info('index_tasks_users_on_task_id_and_user_id')
  [1m[36m (0.0ms)[0m  [1mPRAGMA index_list("users")[0m
  [1m[35m (0.1ms)[0m  PRAGMA index_info('index_users_on_reset_password_token')
  [1m[36m (0.1ms)[0m  [1mPRAGMA index_info('index_users_on_email')[0m
  [1m[36m (0.1ms)[0m  [1mSELECT "schema_migrations"."version" FROM "schema_migrations" [0m
  [1m[35m (0.3ms)[0m  select sqlite_version(*)
  [1m[36m (171.7ms)[0m  [1mCREATE TABLE "departments" ("id" INTEGER PRIMARY KEY AUTOINCREMENT NOT NULL, "name" varchar(255), "user_id" integer, "created_at" datetime NOT NULL, "updated_at" datetime NOT NULL) [0m
  [1m[35m (89.7ms)[0m  CREATE TABLE "expirations" ("id" INTEGER PRIMARY KEY AUTOINCREMENT NOT NULL, "date" date, "created_at" datetime NOT NULL, "updated_at" datetime NOT NULL, "task_id" integer) 
  [1m[36m (107.7ms)[0m  [1mCREATE TABLE "facilities" ("id" INTEGER PRIMARY KEY AUTOINCREMENT NOT NULL, "name" varchar(255), "serial" varchar(255), "plant_id" integer, "created_at" datetime NOT NULL, "updated_at" datetime NOT NULL) [0m
  [1m[35m (106.2ms)[0m  CREATE TABLE "plants" ("id" INTEGER PRIMARY KEY AUTOINCREMENT NOT NULL, "name" varchar(255), "serial" varchar(255), "address" varchar(255), "created_at" datetime NOT NULL, "updated_at" datetime NOT NULL) 
  [1m[36m (90.0ms)[0m  [1mCREATE TABLE "roles" ("id" INTEGER PRIMARY KEY AUTOINCREMENT NOT NULL, "name" varchar(255), "created_at" datetime NOT NULL, "updated_at" datetime NOT NULL) [0m
  [1m[35m (98.8ms)[0m  CREATE TABLE "roles_users" ("role_id" integer NOT NULL, "user_id" integer NOT NULL) 
  [1m[36m (0.1ms)[0m  [1mPRAGMA index_list("roles_users")[0m
  [1m[35m (115.2ms)[0m  CREATE UNIQUE INDEX "index_roles_users_on_role_id_and_user_id" ON "roles_users" ("role_id", "user_id")
  [1m[36m (114.6ms)[0m  [1mCREATE TABLE "stages" ("id" INTEGER PRIMARY KEY AUTOINCREMENT NOT NULL, "name" varchar(255), "created_at" datetime NOT NULL, "updated_at" datetime NOT NULL) [0m
  [1m[35m (105.3ms)[0m  CREATE TABLE "tasks" ("id" INTEGER PRIMARY KEY AUTOINCREMENT NOT NULL, "number" varchar(255), "description" text, "comments" text, "issued_department_id" integer, "received_department_id" integer, "facility_id" integer, "detailed_schedule_number" varchar(255), "code" varchar(255), "stamp_name" varchar(255), "stage_id" integer, "step_number" varchar(255), "contract_number" varchar(255), "issued_chief_id" integer, "received_chief_id" integer, "issued_group_head_id" integer, "received_group_head_id" integer, "received_staff_id" integer, "chief_project_engineer_id" integer, "issue_date" date, "created_at" datetime NOT NULL, "updated_at" datetime NOT NULL) 
  [1m[36m (115.1ms)[0m  [1mCREATE TABLE "tasks_users" ("task_id" integer NOT NULL, "user_id" integer NOT NULL) [0m
  [1m[35m (0.1ms)[0m  PRAGMA index_list("tasks_users")
  [1m[36m (98.7ms)[0m  [1mCREATE UNIQUE INDEX "index_tasks_users_on_task_id_and_user_id" ON "tasks_users" ("task_id", "user_id")[0m
  [1m[35m (89.4ms)[0m  CREATE TABLE "users" ("id" INTEGER PRIMARY KEY AUTOINCREMENT NOT NULL, "email" varchar(255) DEFAULT '' NOT NULL, "encrypted_password" varchar(255) DEFAULT '' NOT NULL, "login" varchar(255) DEFAULT '' NOT NULL, "reset_password_token" varchar(255), "reset_password_sent_at" datetime, "remember_created_at" datetime, "sign_in_count" integer DEFAULT 0, "current_sign_in_at" datetime, "last_sign_in_at" datetime, "current_sign_in_ip" varchar(255), "last_sign_in_ip" varchar(255), "last_name" varchar(255), "first_name" varchar(255), "middle_name" varchar(255), "department_id" integer, "position" varchar(255), "created_at" datetime NOT NULL, "updated_at" datetime NOT NULL) 
  [1m[36m (0.1ms)[0m  [1mPRAGMA index_list("users")[0m
  [1m[35m (99.9ms)[0m  CREATE UNIQUE INDEX "index_users_on_email" ON "users" ("email")
  [1m[36m (0.1ms)[0m  [1mPRAGMA index_list("users")[0m
  [1m[35m (0.1ms)[0m  PRAGMA index_info('index_users_on_email')
  [1m[36m (106.7ms)[0m  [1mCREATE UNIQUE INDEX "index_users_on_reset_password_token" ON "users" ("reset_password_token")[0m
  [1m[35m (99.0ms)[0m  CREATE TABLE "schema_migrations" ("version" varchar(255) NOT NULL) 
  [1m[36m (0.1ms)[0m  [1mPRAGMA index_list("schema_migrations")[0m
  [1m[35m (115.4ms)[0m  CREATE UNIQUE INDEX "unique_schema_migrations" ON "schema_migrations" ("version")
  [1m[36m (0.1ms)[0m  [1mSELECT version FROM "schema_migrations"[0m
  [1m[35m (114.8ms)[0m  INSERT INTO "schema_migrations" (version) VALUES ('20120424133549')
  [1m[36m (115.7ms)[0m  [1mINSERT INTO "schema_migrations" (version) VALUES ('20120417140557')[0m
  [1m[35m (99.3ms)[0m  INSERT INTO "schema_migrations" (version) VALUES ('20120417131017')
  [1m[36m (99.3ms)[0m  [1mINSERT INTO "schema_migrations" (version) VALUES ('20120417131352')[0m
  [1m[35m (82.7ms)[0m  INSERT INTO "schema_migrations" (version) VALUES ('20120417142919')
  [1m[36m (91.3ms)[0m  [1mINSERT INTO "schema_migrations" (version) VALUES ('20120417130616')[0m
  [1m[35m (92.5ms)[0m  INSERT INTO "schema_migrations" (version) VALUES ('20120417131919')
  [1m[36m (107.5ms)[0m  [1mINSERT INTO "schema_migrations" (version) VALUES ('20120424133228')[0m
  [1m[35m (115.7ms)[0m  INSERT INTO "schema_migrations" (version) VALUES ('20120417131659')
  [1m[36m (107.7ms)[0m  [1mINSERT INTO "schema_migrations" (version) VALUES ('20120417143309')[0m
  [1m[35m (115.9ms)[0m  INSERT INTO "schema_migrations" (version) VALUES ('20120417143410')
  [1m[36m (99.3ms)[0m  [1mINSERT INTO "schema_migrations" (version) VALUES ('20120417134023')[0m
